0 info it worked if it ends with ok
1 verbose cli [ '/usr/bin/nodejs', '/usr/bin/npm', 'run', 'lite' ]
2 info using npm@3.10.8
3 info using node@v6.9.1
4 verbose run-script [ 'prelite', 'lite', 'postlite' ]
5 info lifecycle angular2-quickstart@1.0.0~prelite: angular2-quickstart@1.0.0
6 silly lifecycle angular2-quickstart@1.0.0~prelite: no script for prelite, continuing
7 info lifecycle angular2-quickstart@1.0.0~lite: angular2-quickstart@1.0.0
8 verbose lifecycle angular2-quickstart@1.0.0~lite: unsafe-perm in lifecycle true
9 verbose lifecycle angular2-quickstart@1.0.0~lite: PATH: /usr/lib/node_modules/npm/bin/node-gyp-bin:/media/denis/B6BA-E80B/ddcq.cv/node_modules/.bin:/usr/local/sbin:/usr/local/bin:/usr/sbin:/usr/bin:/sbin:/bin:/usr/games:/usr/local/games
10 verbose lifecycle angular2-quickstart@1.0.0~lite: CWD: /media/denis/B6BA-E80B/ddcq.cv
11 silly lifecycle angular2-quickstart@1.0.0~lite: Args: [ '-c', 'lite-server' ]
12 info lifecycle angular2-quickstart@1.0.0~lite: Failed to exec lite script
13 verbose stack Error: angular2-quickstart@1.0.0 lite: `lite-server`
13 verbose stack spawn ENOENT
13 verbose stack     at ChildProcess.<anonymous> (/usr/lib/node_modules/npm/lib/utils/spawn.js:33:16)
13 verbose stack     at emitTwo (events.js:106:13)
13 verbose stack     at ChildProcess.emit (events.js:191:7)
13 verbose stack     at maybeClose (internal/child_process.js:877:16)
13 verbose stack     at Process.ChildProcess._handle.onexit (internal/child_process.js:226:5)
14 verbose pkgid angular2-quickstart@1.0.0
15 verbose cwd /media/denis/B6BA-E80B/ddcq.cv
16 error Linux 4.4.0-45-generic
17 error argv "/usr/bin/nodejs" "/usr/bin/npm" "run" "lite"
18 error node v6.9.1
19 error npm  v3.10.8
20 error file sh
21 error code ELIFECYCLE
22 error errno ENOENT
23 error syscall spawn
24 error angular2-quickstart@1.0.0 lite: `lite-server`
24 error spawn ENOENT
25 error Failed at the angular2-quickstart@1.0.0 lite script 'lite-server'.
25 error Make sure you have the latest version of node.js and npm installed.
25 error If you do, this is most likely a problem with the angular2-quickstart package,
25 error not with npm itself.
25 error Tell the author that this fails on your system:
25 error     lite-server
25 error You can get information on how to open an issue for this project with:
25 error     npm bugs angular2-quickstart
25 error Or if that isn't available, you can get their info via:
25 error     npm owner ls angular2-quickstart
25 error There is likely additional logging output above.
26 verbose exit [ 1, true ]
